<?xml version="1.0" encoding="UTF-8"?>
<robot generator="Robot 3.2.2 (Python 3.11.5 on win32)" generated="20230830 11:04:45.615" rpa="false">
<suite id="s1" name="TestSuite1" source="E:\eclipse-workspace\RobotProject1\test\TestSuite1.robot">
<kw name="Log" library="BuiltIn" type="setup">
<doc>Logs the given message with the given level.</doc>
<arguments>
<arg>I am inside Test Suite Setup</arg>
</arguments>
<msg timestamp="20230830 11:04:46.070" level="INFO">I am inside Test Suite Setup</msg>
<status status="PASS" starttime="20230830 11:04:46.070" endtime="20230830 11:04:46.070"></status>
</kw>
<test id="s1-t1" name="MySecondTest">
<kw name="Log" library="BuiltIn" type="setup">
<doc>Logs the given message with the given level.</doc>
<arguments>
<arg>I am inside Test Setup</arg>
</arguments>
<msg timestamp="20230830 11:04:46.072" level="INFO">I am inside Test Setup</msg>
<status status="PASS" starttime="20230830 11:04:46.071" endtime="20230830 11:04:46.072"></status>
</kw>
<kw name="Log" library="BuiltIn">
<doc>Logs the given message with the given level.</doc>
<arguments>
<arg>Hello World...</arg>
</arguments>
<msg timestamp="20230830 11:04:46.073" level="INFO">Hello World...</msg>
<status status="PASS" starttime="20230830 11:04:46.073" endtime="20230830 11:04:46.073"></status>
</kw>
<kw name="Set Tags" library="BuiltIn">
<doc>Adds given ``tags`` for the current test or all tests in a suite.</doc>
<arguments>
<arg>regression1</arg>
</arguments>
<msg timestamp="20230830 11:04:46.074" level="INFO">Set tag 'regression1'.</msg>
<status status="PASS" starttime="20230830 11:04:46.074" endtime="20230830 11:04:46.074"></status>
</kw>
<kw name="Log" library="BuiltIn" type="teardown">
<doc>Logs the given message with the given level.</doc>
<arguments>
<arg>I am inside Test Teardown</arg>
</arguments>
<msg timestamp="20230830 11:04:46.075" level="INFO">I am inside Test Teardown</msg>
<status status="PASS" starttime="20230830 11:04:46.074" endtime="20230830 11:04:46.075"></status>
</kw>
<tags>
<tag>regression1</tag>
<tag>Sanity</tag>
</tags>
<status status="PASS" starttime="20230830 11:04:46.070" endtime="20230830 11:04:46.075" critical="yes"></status>
</test>
<kw name="Log" library="BuiltIn" type="teardown">
<doc>Logs the given message with the given level.</doc>
<arguments>
<arg>I am inside Test Suite Teardown</arg>
</arguments>
<msg timestamp="20230830 11:04:46.078" level="INFO">I am inside Test Suite Teardown</msg>
<status status="PASS" starttime="20230830 11:04:46.077" endtime="20230830 11:04:46.078"></status>
</kw>
<status status="PASS" starttime="20230830 11:04:45.619" endtime="20230830 11:04:46.078"></status>
</suite>
<statistics>
<total>
<stat pass="1" fail="0">Critical Tests</stat>
<stat pass="1" fail="0">All Tests</stat>
</total>
<tag>
<stat pass="1" fail="0">regression1</stat>
<stat pass="1" fail="0">Sanity</stat>
</tag>
<suite>
<stat pass="1" fail="0" id="s1" name="TestSuite1">TestSuite1</stat>
</suite>
</statistics>
<errors>
</errors>
</robot>
